{"/Users/Jacky/Workspaces/Demos/Es6Demo/lib/common-util.js":{"path":"/Users/Jacky/Workspaces/Demos/Es6Demo/lib/common-util.js","s":{"1":1,"2":1,"3":0,"4":0,"5":1,"6":0,"7":0,"8":0,"9":0,"10":0,"11":0,"12":1,"13":0,"14":0,"15":0,"16":0,"17":0,"18":0,"19":0,"20":0,"21":0,"22":0,"23":1,"24":0,"25":0,"26":0,"27":0,"28":1,"29":6,"30":4,"31":6,"32":3,"33":3,"34":1,"35":3,"36":1,"37":2,"38":1,"39":1,"40":1,"41":0,"42":1,"43":0,"44":0,"45":0,"46":0,"47":0,"48":0,"49":1,"50":0,"51":0,"52":0,"53":0,"54":0,"55":0,"56":0,"57":0,"58":0,"59":0,"60":0,"61":0,"62":0,"63":0,"64":0,"65":0,"66":1,"67":0,"68":1,"69":0,"70":0,"71":0,"72":0,"73":1,"74":0,"75":0,"76":1,"77":0,"78":0,"79":0,"80":0,"81":0,"82":1,"83":0,"84":0,"85":0,"86":0,"87":0,"88":1,"89":0,"90":0,"91":0,"92":0,"93":0,"94":0,"95":0,"96":0,"97":0,"98":1,"99":0,"100":1,"101":0,"102":0,"103":0,"104":0,"105":0,"106":0,"107":0,"108":0,"109":0,"110":0,"111":0,"112":0,"113":1,"114":0,"115":0,"116":0,"117":0,"118":1,"119":0,"120":0,"121":0,"122":1,"123":0,"124":0,"125":0,"126":1,"127":0,"128":0,"129":0,"130":1,"131":0,"132":1,"133":0,"134":0,"135":0,"136":0,"137":0,"138":0,"139":0,"140":0,"141":1,"142":0,"143":0,"144":0,"145":0,"146":0,"147":0,"148":1,"149":0,"150":0,"151":1,"152":0,"153":0,"154":1,"155":0,"156":0,"157":0,"158":0,"159":0,"160":0,"161":0},"b":{"1":[0,0],"2":[0,0],"3":[0,0],"4":[0,0],"5":[0,0],"6":[0,0],"7":[0,0],"8":[4,2],"9":[6,6],"10":[3,3],"11":[1,1],"12":[0,0],"13":[0,0],"14":[0,0],"15":[0,0],"16":[0,0],"17":[0,0],"18":[0,0],"19":[0,0],"20":[0,0],"21":[0,0],"22":[0,0],"23":[0,0],"24":[0,0],"25":[0,0,0],"26":[0,0],"27":[0,0],"28":[0,0],"29":[0,0],"30":[0,0],"31":[0,0],"32":[0,0],"33":[0,0,0],"34":[0,0],"35":[0,0],"36":[0,0],"37":[0,0,0],"38":[0,0],"39":[0,0],"40":[0,0],"41":[0,0]},"f":{"1":0,"2":0,"3":0,"4":0,"5":6,"6":3,"7":2,"8":0,"9":0,"10":0,"11":0,"12":0,"13":0,"14":0,"15":0,"16":0,"17":0,"18":0,"19":0,"20":0,"21":0,"22":0,"23":0,"24":0,"25":0,"26":0,"27":0,"28":0,"29":0},"fnMap":{"1":{"name":"(anonymous_1)","line":17,"loc":{"start":{"line":17,"column":23},"end":{"line":17,"column":39}}},"2":{"name":"(anonymous_2)","line":23,"loc":{"start":{"line":23,"column":24},"end":{"line":23,"column":39}}},"3":{"name":"(anonymous_3)","line":49,"loc":{"start":{"line":49,"column":28},"end":{"line":49,"column":76}}},"4":{"name":"(anonymous_4)","line":72,"loc":{"start":{"line":72,"column":26},"end":{"line":72,"column":60}}},"5":{"name":"(anonymous_5)","line":81,"loc":{"start":{"line":81,"column":10},"end":{"line":81,"column":38}}},"6":{"name":"(anonymous_6)","line":94,"loc":{"start":{"line":94,"column":20},"end":{"line":94,"column":49}}},"7":{"name":"(anonymous_7)","line":104,"loc":{"start":{"line":104,"column":23},"end":{"line":104,"column":47}}},"8":{"name":"(anonymous_8)","line":116,"loc":{"start":{"line":116,"column":23},"end":{"line":116,"column":59}}},"9":{"name":"(anonymous_9)","line":127,"loc":{"start":{"line":127,"column":25},"end":{"line":127,"column":60}}},"10":{"name":"(anonymous_10)","line":143,"loc":{"start":{"line":143,"column":30},"end":{"line":143,"column":88}}},"11":{"name":"(anonymous_11)","line":171,"loc":{"start":{"line":171,"column":18},"end":{"line":171,"column":33}}},"12":{"name":"(anonymous_12)","line":179,"loc":{"start":{"line":179,"column":20},"end":{"line":179,"column":35}}},"13":{"name":"(anonymous_13)","line":191,"loc":{"start":{"line":191,"column":20},"end":{"line":191,"column":35}}},"14":{"name":"(anonymous_14)","line":199,"loc":{"start":{"line":199,"column":21},"end":{"line":199,"column":36}}},"15":{"name":"(anonymous_15)","line":211,"loc":{"start":{"line":211,"column":25},"end":{"line":211,"column":39}}},"16":{"name":"(anonymous_16)","line":242,"loc":{"start":{"line":242,"column":26},"end":{"line":242,"column":57}}},"17":{"name":"(anonymous_17)","line":266,"loc":{"start":{"line":266,"column":22},"end":{"line":266,"column":36}}},"18":{"name":"(anonymous_18)","line":276,"loc":{"start":{"line":276,"column":18},"end":{"line":276,"column":49}}},"19":{"name":"optionalCallback","line":301,"loc":{"start":{"line":301,"column":4},"end":{"line":301,"column":55}}},"20":{"name":"(anonymous_20)","line":318,"loc":{"start":{"line":318,"column":21},"end":{"line":318,"column":39}}},"21":{"name":"(anonymous_21)","line":330,"loc":{"start":{"line":330,"column":26},"end":{"line":330,"column":36}}},"22":{"name":"(anonymous_22)","line":343,"loc":{"start":{"line":343,"column":29},"end":{"line":343,"column":39}}},"23":{"name":"(anonymous_23)","line":356,"loc":{"start":{"line":356,"column":18},"end":{"line":356,"column":35}}},"24":{"name":"(anonymous_24)","line":365,"loc":{"start":{"line":365,"column":27},"end":{"line":365,"column":39}}},"25":{"name":"(anonymous_25)","line":373,"loc":{"start":{"line":373,"column":24},"end":{"line":373,"column":40}}},"26":{"name":"(anonymous_26)","line":391,"loc":{"start":{"line":391,"column":25},"end":{"line":391,"column":41}}},"27":{"name":"(anonymous_27)","line":410,"loc":{"start":{"line":410,"column":18},"end":{"line":410,"column":34}}},"28":{"name":"(anonymous_28)","line":420,"loc":{"start":{"line":420,"column":22},"end":{"line":420,"column":38}}},"29":{"name":"(anonymous_29)","line":430,"loc":{"start":{"line":430,"column":24},"end":{"line":430,"column":41}}}},"statementMap":{"1":{"start":{"line":7,"column":0},"end":{"line":10,"column":29}},"2":{"start":{"line":17,"column":0},"end":{"line":20,"column":2}},"3":{"start":{"line":18,"column":2},"end":{"line":18,"column":38}},"4":{"start":{"line":19,"column":2},"end":{"line":19,"column":25}},"5":{"start":{"line":23,"column":0},"end":{"line":39,"column":2}},"6":{"start":{"line":25,"column":2},"end":{"line":32,"column":4}},"7":{"start":{"line":33,"column":2},"end":{"line":33,"column":17}},"8":{"start":{"line":34,"column":2},"end":{"line":34,"column":16}},"9":{"start":{"line":35,"column":2},"end":{"line":37,"column":3}},"10":{"start":{"line":36,"column":4},"end":{"line":36,"column":51}},"11":{"start":{"line":38,"column":2},"end":{"line":38,"column":14}},"12":{"start":{"line":49,"column":0},"end":{"line":63,"column":2}},"13":{"start":{"line":51,"column":2},"end":{"line":61,"column":3}},"14":{"start":{"line":52,"column":4},"end":{"line":52,"column":29}},"15":{"start":{"line":53,"column":4},"end":{"line":60,"column":5}},"16":{"start":{"line":54,"column":6},"end":{"line":54,"column":46}},"17":{"start":{"line":55,"column":6},"end":{"line":55,"column":60}},"18":{"start":{"line":56,"column":6},"end":{"line":57,"column":21}},"19":{"start":{"line":57,"column":8},"end":{"line":57,"column":21}},"20":{"start":{"line":58,"column":11},"end":{"line":60,"column":5}},"21":{"start":{"line":59,"column":6},"end":{"line":59,"column":19}},"22":{"start":{"line":62,"column":2},"end":{"line":62,"column":14}},"23":{"start":{"line":72,"column":0},"end":{"line":79,"column":2}},"24":{"start":{"line":74,"column":2},"end":{"line":77,"column":3}},"25":{"start":{"line":75,"column":4},"end":{"line":76,"column":19}},"26":{"start":{"line":76,"column":6},"end":{"line":76,"column":19}},"27":{"start":{"line":78,"column":2},"end":{"line":78,"column":14}},"28":{"start":{"line":81,"column":0},"end":{"line":87,"column":2}},"29":{"start":{"line":82,"column":2},"end":{"line":82,"column":33}},"30":{"start":{"line":82,"column":20},"end":{"line":82,"column":33}},"31":{"start":{"line":83,"column":2},"end":{"line":86,"column":63}},"32":{"start":{"line":84,"column":4},"end":{"line":84,"column":77}},"33":{"start":{"line":86,"column":4},"end":{"line":86,"column":63}},"34":{"start":{"line":94,"column":0},"end":{"line":96,"column":2}},"35":{"start":{"line":95,"column":2},"end":{"line":95,"column":32}},"36":{"start":{"line":104,"column":0},"end":{"line":112,"column":2}},"37":{"start":{"line":105,"column":2},"end":{"line":111,"column":3}},"38":{"start":{"line":107,"column":4},"end":{"line":107,"column":42}},"39":{"start":{"line":110,"column":4},"end":{"line":110,"column":37}},"40":{"start":{"line":116,"column":0},"end":{"line":118,"column":2}},"41":{"start":{"line":117,"column":2},"end":{"line":117,"column":54}},"42":{"start":{"line":127,"column":0},"end":{"line":135,"column":2}},"43":{"start":{"line":129,"column":2},"end":{"line":129,"column":39}},"44":{"start":{"line":130,"column":2},"end":{"line":130,"column":31}},"45":{"start":{"line":130,"column":12},"end":{"line":130,"column":31}},"46":{"start":{"line":131,"column":2},"end":{"line":131,"column":36}},"47":{"start":{"line":131,"column":26},"end":{"line":131,"column":36}},"48":{"start":{"line":132,"column":2},"end":{"line":134,"column":16}},"49":{"start":{"line":143,"column":0},"end":{"line":165,"column":2}},"50":{"start":{"line":144,"column":2},"end":{"line":144,"column":25}},"51":{"start":{"line":145,"column":2},"end":{"line":145,"column":33}},"52":{"start":{"line":146,"column":2},"end":{"line":146,"column":42}},"53":{"start":{"line":147,"column":2},"end":{"line":147,"column":40}},"54":{"start":{"line":148,"column":2},"end":{"line":148,"column":31}},"55":{"start":{"line":151,"column":2},"end":{"line":152,"column":20}},"56":{"start":{"line":152,"column":4},"end":{"line":152,"column":20}},"57":{"start":{"line":153,"column":2},"end":{"line":154,"column":26}},"58":{"start":{"line":154,"column":4},"end":{"line":154,"column":26}},"59":{"start":{"line":155,"column":2},"end":{"line":155,"column":45}},"60":{"start":{"line":156,"column":2},"end":{"line":161,"column":3}},"61":{"start":{"line":157,"column":4},"end":{"line":157,"column":24}},"62":{"start":{"line":158,"column":4},"end":{"line":158,"column":24}},"63":{"start":{"line":160,"column":4},"end":{"line":160,"column":24}},"64":{"start":{"line":163,"column":2},"end":{"line":163,"column":37}},"65":{"start":{"line":164,"column":2},"end":{"line":164,"column":16}},"66":{"start":{"line":171,"column":0},"end":{"line":173,"column":2}},"67":{"start":{"line":172,"column":2},"end":{"line":172,"column":79}},"68":{"start":{"line":179,"column":0},"end":{"line":185,"column":2}},"69":{"start":{"line":180,"column":2},"end":{"line":180,"column":41}},"70":{"start":{"line":181,"column":2},"end":{"line":181,"column":41}},"71":{"start":{"line":182,"column":2},"end":{"line":182,"column":34}},"72":{"start":{"line":183,"column":2},"end":{"line":184,"column":64}},"73":{"start":{"line":191,"column":0},"end":{"line":194,"column":2}},"74":{"start":{"line":192,"column":2},"end":{"line":192,"column":38}},"75":{"start":{"line":193,"column":2},"end":{"line":193,"column":48}},"76":{"start":{"line":199,"column":0},"end":{"line":206,"column":2}},"77":{"start":{"line":200,"column":2},"end":{"line":200,"column":34}},"78":{"start":{"line":201,"column":2},"end":{"line":201,"column":63}},"79":{"start":{"line":202,"column":2},"end":{"line":205,"column":17}},"80":{"start":{"line":203,"column":4},"end":{"line":203,"column":44}},"81":{"start":{"line":205,"column":4},"end":{"line":205,"column":17}},"82":{"start":{"line":211,"column":0},"end":{"line":218,"column":2}},"83":{"start":{"line":212,"column":2},"end":{"line":215,"column":35}},"84":{"start":{"line":213,"column":4},"end":{"line":213,"column":37}},"85":{"start":{"line":215,"column":4},"end":{"line":215,"column":35}},"86":{"start":{"line":216,"column":2},"end":{"line":216,"column":40}},"87":{"start":{"line":217,"column":2},"end":{"line":217,"column":12}},"88":{"start":{"line":242,"column":0},"end":{"line":259,"column":2}},"89":{"start":{"line":244,"column":2},"end":{"line":244,"column":14}},"90":{"start":{"line":246,"column":2},"end":{"line":247,"column":24}},"91":{"start":{"line":247,"column":4},"end":{"line":247,"column":24}},"92":{"start":{"line":249,"column":2},"end":{"line":249,"column":42}},"93":{"start":{"line":251,"column":2},"end":{"line":257,"column":3}},"94":{"start":{"line":252,"column":4},"end":{"line":252,"column":26}},"95":{"start":{"line":254,"column":4},"end":{"line":256,"column":5}},"96":{"start":{"line":255,"column":6},"end":{"line":255,"column":33}},"97":{"start":{"line":258,"column":2},"end":{"line":258,"column":13}},"98":{"start":{"line":266,"column":0},"end":{"line":268,"column":2}},"99":{"start":{"line":267,"column":2},"end":{"line":267,"column":37}},"100":{"start":{"line":276,"column":0},"end":{"line":312,"column":2}},"101":{"start":{"line":277,"column":2},"end":{"line":278,"column":41}},"102":{"start":{"line":280,"column":2},"end":{"line":282,"column":3}},"103":{"start":{"line":281,"column":4},"end":{"line":281,"column":11}},"104":{"start":{"line":285,"column":2},"end":{"line":285,"column":74}},"105":{"start":{"line":286,"column":2},"end":{"line":288,"column":3}},"106":{"start":{"line":287,"column":4},"end":{"line":287,"column":11}},"107":{"start":{"line":296,"column":2},"end":{"line":298,"column":3}},"108":{"start":{"line":297,"column":4},"end":{"line":297,"column":22}},"109":{"start":{"line":300,"column":2},"end":{"line":311,"column":7}},"110":{"start":{"line":302,"column":6},"end":{"line":304,"column":7}},"111":{"start":{"line":303,"column":8},"end":{"line":303,"column":58}},"112":{"start":{"line":305,"column":6},"end":{"line":305,"column":77}},"113":{"start":{"line":318,"column":0},"end":{"line":324,"column":2}},"114":{"start":{"line":319,"column":2},"end":{"line":322,"column":3}},"115":{"start":{"line":320,"column":4},"end":{"line":321,"column":19}},"116":{"start":{"line":321,"column":6},"end":{"line":321,"column":19}},"117":{"start":{"line":323,"column":2},"end":{"line":323,"column":14}},"118":{"start":{"line":330,"column":0},"end":{"line":337,"column":2}},"119":{"start":{"line":331,"column":2},"end":{"line":336,"column":3}},"120":{"start":{"line":332,"column":4},"end":{"line":332,"column":16}},"121":{"start":{"line":335,"column":4},"end":{"line":335,"column":17}},"122":{"start":{"line":343,"column":0},"end":{"line":350,"column":2}},"123":{"start":{"line":344,"column":2},"end":{"line":349,"column":3}},"124":{"start":{"line":345,"column":4},"end":{"line":345,"column":14}},"125":{"start":{"line":348,"column":4},"end":{"line":348,"column":20}},"126":{"start":{"line":356,"column":0},"end":{"line":360,"column":2}},"127":{"start":{"line":357,"column":2},"end":{"line":358,"column":17}},"128":{"start":{"line":358,"column":4},"end":{"line":358,"column":17}},"129":{"start":{"line":359,"column":2},"end":{"line":359,"column":14}},"130":{"start":{"line":365,"column":0},"end":{"line":367,"column":2}},"131":{"start":{"line":366,"column":2},"end":{"line":366,"column":43}},"132":{"start":{"line":373,"column":0},"end":{"line":383,"column":2}},"133":{"start":{"line":374,"column":2},"end":{"line":374,"column":25}},"134":{"start":{"line":375,"column":2},"end":{"line":375,"column":19}},"135":{"start":{"line":376,"column":2},"end":{"line":376,"column":30}},"136":{"start":{"line":377,"column":2},"end":{"line":377,"column":17}},"137":{"start":{"line":378,"column":2},"end":{"line":378,"column":25}},"138":{"start":{"line":379,"column":2},"end":{"line":379,"column":17}},"139":{"start":{"line":380,"column":2},"end":{"line":380,"column":55}},"140":{"start":{"line":382,"column":2},"end":{"line":382,"column":17}},"141":{"start":{"line":391,"column":0},"end":{"line":403,"column":2}},"142":{"start":{"line":393,"column":2},"end":{"line":393,"column":17}},"143":{"start":{"line":395,"column":2},"end":{"line":398,"column":27}},"144":{"start":{"line":396,"column":4},"end":{"line":396,"column":31}},"145":{"start":{"line":398,"column":4},"end":{"line":398,"column":27}},"146":{"start":{"line":400,"column":2},"end":{"line":400,"column":65}},"147":{"start":{"line":402,"column":2},"end":{"line":402,"column":15}},"148":{"start":{"line":410,"column":0},"end":{"line":413,"column":2}},"149":{"start":{"line":411,"column":2},"end":{"line":411,"column":25}},"150":{"start":{"line":412,"column":2},"end":{"line":412,"column":32}},"151":{"start":{"line":420,"column":0},"end":{"line":423,"column":2}},"152":{"start":{"line":421,"column":2},"end":{"line":421,"column":25}},"153":{"start":{"line":422,"column":2},"end":{"line":422,"column":30}},"154":{"start":{"line":430,"column":0},"end":{"line":450,"column":2}},"155":{"start":{"line":431,"column":2},"end":{"line":439,"column":4}},"156":{"start":{"line":440,"column":2},"end":{"line":442,"column":3}},"157":{"start":{"line":441,"column":4},"end":{"line":441,"column":95}},"158":{"start":{"line":443,"column":2},"end":{"line":448,"column":3}},"159":{"start":{"line":444,"column":4},"end":{"line":447,"column":5}},"160":{"start":{"line":445,"column":6},"end":{"line":446,"column":68}},"161":{"start":{"line":449,"column":2},"end":{"line":449,"column":16}}},"branchMap":{"1":{"line":33,"type":"binary-expr","locations":[{"start":{"line":33,"column":8},"end":{"line":33,"column":11}},{"start":{"line":33,"column":15},"end":{"line":33,"column":16}}]},"2":{"line":53,"type":"if","locations":[{"start":{"line":53,"column":4},"end":{"line":53,"column":4}},{"start":{"line":53,"column":4},"end":{"line":53,"column":4}}]},"3":{"line":56,"type":"if","locations":[{"start":{"line":56,"column":6},"end":{"line":56,"column":6}},{"start":{"line":56,"column":6},"end":{"line":56,"column":6}}]},"4":{"line":56,"type":"binary-expr","locations":[{"start":{"line":56,"column":10},"end":{"line":56,"column":17}},{"start":{"line":56,"column":21},"end":{"line":56,"column":58}}]},"5":{"line":58,"type":"if","locations":[{"start":{"line":58,"column":11},"end":{"line":58,"column":11}},{"start":{"line":58,"column":11},"end":{"line":58,"column":11}}]},"6":{"line":58,"type":"binary-expr","locations":[{"start":{"line":58,"column":14},"end":{"line":58,"column":26}},{"start":{"line":58,"column":30},"end":{"line":58,"column":40}}]},"7":{"line":75,"type":"if","locations":[{"start":{"line":75,"column":4},"end":{"line":75,"column":4}},{"start":{"line":75,"column":4},"end":{"line":75,"column":4}}]},"8":{"line":82,"type":"if","locations":[{"start":{"line":82,"column":2},"end":{"line":82,"column":2}},{"start":{"line":82,"column":2},"end":{"line":82,"column":2}}]},"9":{"line":82,"type":"binary-expr","locations":[{"start":{"line":82,"column":6},"end":{"line":82,"column":10}},{"start":{"line":82,"column":14},"end":{"line":82,"column":18}}]},"10":{"line":83,"type":"if","locations":[{"start":{"line":83,"column":2},"end":{"line":83,"column":2}},{"start":{"line":83,"column":2},"end":{"line":83,"column":2}}]},"11":{"line":105,"type":"if","locations":[{"start":{"line":105,"column":2},"end":{"line":105,"column":2}},{"start":{"line":105,"column":2},"end":{"line":105,"column":2}}]},"12":{"line":130,"type":"if","locations":[{"start":{"line":130,"column":2},"end":{"line":130,"column":2}},{"start":{"line":130,"column":2},"end":{"line":130,"column":2}}]},"13":{"line":131,"type":"if","locations":[{"start":{"line":131,"column":2},"end":{"line":131,"column":2}},{"start":{"line":131,"column":2},"end":{"line":131,"column":2}}]},"14":{"line":151,"type":"if","locations":[{"start":{"line":151,"column":2},"end":{"line":151,"column":2}},{"start":{"line":151,"column":2},"end":{"line":151,"column":2}}]},"15":{"line":151,"type":"binary-expr","locations":[{"start":{"line":151,"column":7},"end":{"line":151,"column":32}},{"start":{"line":151,"column":37},"end":{"line":151,"column":45}}]},"16":{"line":153,"type":"if","locations":[{"start":{"line":153,"column":2},"end":{"line":153,"column":2}},{"start":{"line":153,"column":2},"end":{"line":153,"column":2}}]},"17":{"line":153,"type":"binary-expr","locations":[{"start":{"line":153,"column":7},"end":{"line":153,"column":31}},{"start":{"line":153,"column":36},"end":{"line":153,"column":43}}]},"18":{"line":156,"type":"if","locations":[{"start":{"line":156,"column":2},"end":{"line":156,"column":2}},{"start":{"line":156,"column":2},"end":{"line":156,"column":2}}]},"19":{"line":172,"type":"binary-expr","locations":[{"start":{"line":172,"column":9},"end":{"line":172,"column":43}},{"start":{"line":172,"column":47},"end":{"line":172,"column":78}}]},"20":{"line":183,"type":"binary-expr","locations":[{"start":{"line":183,"column":10},"end":{"line":183,"column":50}},{"start":{"line":184,"column":8},"end":{"line":184,"column":62}}]},"21":{"line":202,"type":"if","locations":[{"start":{"line":202,"column":2},"end":{"line":202,"column":2}},{"start":{"line":202,"column":2},"end":{"line":202,"column":2}}]},"22":{"line":212,"type":"if","locations":[{"start":{"line":212,"column":2},"end":{"line":212,"column":2}},{"start":{"line":212,"column":2},"end":{"line":212,"column":2}}]},"23":{"line":246,"type":"if","locations":[{"start":{"line":246,"column":2},"end":{"line":246,"column":2}},{"start":{"line":246,"column":2},"end":{"line":246,"column":2}}]},"24":{"line":254,"type":"if","locations":[{"start":{"line":254,"column":4},"end":{"line":254,"column":4}},{"start":{"line":254,"column":4},"end":{"line":254,"column":4}}]},"25":{"line":254,"type":"binary-expr","locations":[{"start":{"line":254,"column":8},"end":{"line":254,"column":21}},{"start":{"line":254,"column":25},"end":{"line":254,"column":44}},{"start":{"line":254,"column":48},"end":{"line":254,"column":66}}]},"26":{"line":280,"type":"if","locations":[{"start":{"line":280,"column":2},"end":{"line":280,"column":2}},{"start":{"line":280,"column":2},"end":{"line":280,"column":2}}]},"27":{"line":280,"type":"binary-expr","locations":[{"start":{"line":280,"column":6},"end":{"line":280,"column":13}},{"start":{"line":280,"column":17},"end":{"line":280,"column":29}}]},"28":{"line":286,"type":"if","locations":[{"start":{"line":286,"column":2},"end":{"line":286,"column":2}},{"start":{"line":286,"column":2},"end":{"line":286,"column":2}}]},"29":{"line":286,"type":"binary-expr","locations":[{"start":{"line":286,"column":6},"end":{"line":286,"column":42}},{"start":{"line":286,"column":46},"end":{"line":286,"column":71}}]},"30":{"line":296,"type":"if","locations":[{"start":{"line":296,"column":2},"end":{"line":296,"column":2}},{"start":{"line":296,"column":2},"end":{"line":296,"column":2}}]},"31":{"line":302,"type":"if","locations":[{"start":{"line":302,"column":6},"end":{"line":302,"column":6}},{"start":{"line":302,"column":6},"end":{"line":302,"column":6}}]},"32":{"line":320,"type":"if","locations":[{"start":{"line":320,"column":4},"end":{"line":320,"column":4}},{"start":{"line":320,"column":4},"end":{"line":320,"column":4}}]},"33":{"line":320,"type":"binary-expr","locations":[{"start":{"line":320,"column":10},"end":{"line":320,"column":19}},{"start":{"line":320,"column":23},"end":{"line":320,"column":37}},{"start":{"line":320,"column":41},"end":{"line":320,"column":53}}]},"34":{"line":331,"type":"if","locations":[{"start":{"line":331,"column":2},"end":{"line":331,"column":2}},{"start":{"line":331,"column":2},"end":{"line":331,"column":2}}]},"35":{"line":344,"type":"if","locations":[{"start":{"line":344,"column":2},"end":{"line":344,"column":2}},{"start":{"line":344,"column":2},"end":{"line":344,"column":2}}]},"36":{"line":357,"type":"if","locations":[{"start":{"line":357,"column":2},"end":{"line":357,"column":2}},{"start":{"line":357,"column":2},"end":{"line":357,"column":2}}]},"37":{"line":357,"type":"binary-expr","locations":[{"start":{"line":357,"column":6},"end":{"line":357,"column":16}},{"start":{"line":357,"column":20},"end":{"line":357,"column":31}},{"start":{"line":357,"column":35},"end":{"line":357,"column":41}}]},"38":{"line":395,"type":"if","locations":[{"start":{"line":395,"column":2},"end":{"line":395,"column":2}},{"start":{"line":395,"column":2},"end":{"line":395,"column":2}}]},"39":{"line":440,"type":"if","locations":[{"start":{"line":440,"column":2},"end":{"line":440,"column":2}},{"start":{"line":440,"column":2},"end":{"line":440,"column":2}}]},"40":{"line":444,"type":"if","locations":[{"start":{"line":444,"column":4},"end":{"line":444,"column":4}},{"start":{"line":444,"column":4},"end":{"line":444,"column":4}}]},"41":{"line":445,"type":"cond-expr","locations":[{"start":{"line":446,"column":10},"end":{"line":446,"column":17}},{"start":{"line":446,"column":20},"end":{"line":446,"column":66}}]}}},"/Users/Jacky/Workspaces/Demos/Es6Demo/app.js":{"path":"/Users/Jacky/Workspaces/Demos/Es6Demo/app.js","s":{"1":1,"2":1,"3":1,"4":4,"5":1,"6":0,"7":0,"8":1},"b":{"1":[0,1]},"f":{"1":4},"fnMap":{"1":{"name":"(anonymous_1)","line":9,"loc":{"start":{"line":9,"column":22},"end":{"line":9,"column":39}}}},"statementMap":{"1":{"start":{"line":1,"column":0},"end":{"line":4,"column":32}},"2":{"start":{"line":6,"column":0},"end":{"line":6,"column":20}},"3":{"start":{"line":7,"column":0},"end":{"line":13,"column":5}},"4":{"start":{"line":10,"column":4},"end":{"line":12,"column":22}},"5":{"start":{"line":15,"column":0},"end":{"line":22,"column":1}},"6":{"start":{"line":16,"column":2},"end":{"line":16,"column":33}},"7":{"start":{"line":17,"column":2},"end":{"line":17,"column":105}},"8":{"start":{"line":21,"column":2},"end":{"line":21,"column":23}}},"branchMap":{"1":{"line":15,"type":"if","locations":[{"start":{"line":15,"column":0},"end":{"line":15,"column":0}},{"start":{"line":15,"column":0},"end":{"line":15,"column":0}}]}}}}