TN:
SF:/Users/Jacky/Workspaces/Demos/Es6Demo/lib/common-util.js
FN:17,(anonymous_1)
FN:23,(anonymous_2)
FN:49,(anonymous_3)
FN:72,(anonymous_4)
FN:81,(anonymous_5)
FN:94,(anonymous_6)
FN:104,(anonymous_7)
FN:116,(anonymous_8)
FN:127,(anonymous_9)
FN:143,(anonymous_10)
FN:171,(anonymous_11)
FN:179,(anonymous_12)
FN:191,(anonymous_13)
FN:199,(anonymous_14)
FN:211,(anonymous_15)
FN:242,(anonymous_16)
FN:266,(anonymous_17)
FN:276,(anonymous_18)
FN:301,optionalCallback
FN:318,(anonymous_20)
FN:330,(anonymous_21)
FN:343,(anonymous_22)
FN:356,(anonymous_23)
FN:365,(anonymous_24)
FN:373,(anonymous_25)
FN:391,(anonymous_26)
FN:410,(anonymous_27)
FN:420,(anonymous_28)
FN:430,(anonymous_29)
FNF:29
FNH:3
FNDA:0,(anonymous_1)
FNDA:0,(anonymous_2)
FNDA:0,(anonymous_3)
FNDA:0,(anonymous_4)
FNDA:6,(anonymous_5)
FNDA:3,(anonymous_6)
FNDA:2,(anonymous_7)
FNDA:0,(anonymous_8)
FNDA:0,(anonymous_9)
FNDA:0,(anonymous_10)
FNDA:0,(anonymous_11)
FNDA:0,(anonymous_12)
FNDA:0,(anonymous_13)
FNDA:0,(anonymous_14)
FNDA:0,(anonymous_15)
FNDA:0,(anonymous_16)
FNDA:0,(anonymous_17)
FNDA:0,(anonymous_18)
FNDA:0,optionalCallback
FNDA:0,(anonymous_20)
FNDA:0,(anonymous_21)
FNDA:0,(anonymous_22)
FNDA:0,(anonymous_23)
FNDA:0,(anonymous_24)
FNDA:0,(anonymous_25)
FNDA:0,(anonymous_26)
FNDA:0,(anonymous_27)
FNDA:0,(anonymous_28)
FNDA:0,(anonymous_29)
DA:7,1
DA:17,1
DA:18,0
DA:19,0
DA:23,1
DA:25,0
DA:33,0
DA:34,0
DA:35,0
DA:36,0
DA:38,0
DA:49,1
DA:51,0
DA:52,0
DA:53,0
DA:54,0
DA:55,0
DA:56,0
DA:57,0
DA:58,0
DA:59,0
DA:62,0
DA:72,1
DA:74,0
DA:75,0
DA:76,0
DA:78,0
DA:81,1
DA:82,6
DA:83,6
DA:84,3
DA:86,3
DA:94,1
DA:95,3
DA:104,1
DA:105,2
DA:107,1
DA:110,1
DA:116,1
DA:117,0
DA:127,1
DA:129,0
DA:130,0
DA:131,0
DA:132,0
DA:143,1
DA:144,0
DA:145,0
DA:146,0
DA:147,0
DA:148,0
DA:151,0
DA:152,0
DA:153,0
DA:154,0
DA:155,0
DA:156,0
DA:157,0
DA:158,0
DA:160,0
DA:163,0
DA:164,0
DA:171,1
DA:172,0
DA:179,1
DA:180,0
DA:181,0
DA:182,0
DA:183,0
DA:191,1
DA:192,0
DA:193,0
DA:199,1
DA:200,0
DA:201,0
DA:202,0
DA:203,0
DA:205,0
DA:211,1
DA:212,0
DA:213,0
DA:215,0
DA:216,0
DA:217,0
DA:242,1
DA:244,0
DA:246,0
DA:247,0
DA:249,0
DA:251,0
DA:252,0
DA:254,0
DA:255,0
DA:258,0
DA:266,1
DA:267,0
DA:276,1
DA:277,0
DA:280,0
DA:281,0
DA:285,0
DA:286,0
DA:287,0
DA:296,0
DA:297,0
DA:300,0
DA:302,0
DA:303,0
DA:305,0
DA:318,1
DA:319,0
DA:320,0
DA:321,0
DA:323,0
DA:330,1
DA:331,0
DA:332,0
DA:335,0
DA:343,1
DA:344,0
DA:345,0
DA:348,0
DA:356,1
DA:357,0
DA:358,0
DA:359,0
DA:365,1
DA:366,0
DA:373,1
DA:374,0
DA:375,0
DA:376,0
DA:377,0
DA:378,0
DA:379,0
DA:380,0
DA:382,0
DA:391,1
DA:393,0
DA:395,0
DA:396,0
DA:398,0
DA:400,0
DA:402,0
DA:410,1
DA:411,0
DA:412,0
DA:420,1
DA:421,0
DA:422,0
DA:430,1
DA:431,0
DA:440,0
DA:441,0
DA:443,0
DA:444,0
DA:445,0
DA:449,0
LF:158
LH:37
BRDA:33,1,0,0
BRDA:33,1,1,0
BRDA:53,2,0,0
BRDA:53,2,1,0
BRDA:56,3,0,0
BRDA:56,3,1,0
BRDA:56,4,0,0
BRDA:56,4,1,0
BRDA:58,5,0,0
BRDA:58,5,1,0
BRDA:58,6,0,0
BRDA:58,6,1,0
BRDA:75,7,0,0
BRDA:75,7,1,0
BRDA:82,8,0,4
BRDA:82,8,1,2
BRDA:82,9,0,6
BRDA:82,9,1,6
BRDA:83,10,0,3
BRDA:83,10,1,3
BRDA:105,11,0,1
BRDA:105,11,1,1
BRDA:130,12,0,0
BRDA:130,12,1,0
BRDA:131,13,0,0
BRDA:131,13,1,0
BRDA:151,14,0,0
BRDA:151,14,1,0
BRDA:151,15,0,0
BRDA:151,15,1,0
BRDA:153,16,0,0
BRDA:153,16,1,0
BRDA:153,17,0,0
BRDA:153,17,1,0
BRDA:156,18,0,0
BRDA:156,18,1,0
BRDA:172,19,0,0
BRDA:172,19,1,0
BRDA:183,20,0,0
BRDA:183,20,1,0
BRDA:202,21,0,0
BRDA:202,21,1,0
BRDA:212,22,0,0
BRDA:212,22,1,0
BRDA:246,23,0,0
BRDA:246,23,1,0
BRDA:254,24,0,0
BRDA:254,24,1,0
BRDA:254,25,0,0
BRDA:254,25,1,0
BRDA:254,25,2,0
BRDA:280,26,0,0
BRDA:280,26,1,0
BRDA:280,27,0,0
BRDA:280,27,1,0
BRDA:286,28,0,0
BRDA:286,28,1,0
BRDA:286,29,0,0
BRDA:286,29,1,0
BRDA:296,30,0,0
BRDA:296,30,1,0
BRDA:302,31,0,0
BRDA:302,31,1,0
BRDA:320,32,0,0
BRDA:320,32,1,0
BRDA:320,33,0,0
BRDA:320,33,1,0
BRDA:320,33,2,0
BRDA:331,34,0,0
BRDA:331,34,1,0
BRDA:344,35,0,0
BRDA:344,35,1,0
BRDA:357,36,0,0
BRDA:357,36,1,0
BRDA:357,37,0,0
BRDA:357,37,1,0
BRDA:357,37,2,0
BRDA:395,38,0,0
BRDA:395,38,1,0
BRDA:440,39,0,0
BRDA:440,39,1,0
BRDA:444,40,0,0
BRDA:444,40,1,0
BRDA:445,41,0,0
BRDA:445,41,1,0
BRF:85
BRH:8
end_of_record
TN:
SF:/Users/Jacky/Workspaces/Demos/Es6Demo/app.js
FN:9,(anonymous_1)
FNF:1
FNH:1
FNDA:4,(anonymous_1)
DA:1,1
DA:6,1
DA:7,1
DA:10,4
DA:15,1
DA:16,0
DA:17,0
DA:21,1
LF:8
LH:6
BRDA:15,1,0,0
BRDA:15,1,1,1
BRF:2
BRH:1
end_of_record
